[dict] 9 rule(s) loaded
[asr] Parakeet loaded in 125.88s
[audio] device: Microphone (Realtek(R) Audio) (48000 Hz, 2 ch, F32)
[rec] ● recording…
[takes] takes\take001.wav — "Hey, Respond, can you hear me?"
[ok] 2.1s audio → asr 3433 ms, total 3755 ms
     "Hey, Respond, can you hear me?"
[rec] ● recording…
[takes] takes\take002.wav — "Have a spot."
[rec] ● recording…
[ok] 1.2s audio → asr 2829 ms, total 3580 ms
     "Have a spot."
[rec] ● recording…
[takes] takes\take003.wav — "Hey whisper."
[ok] 3.2s audio → asr 3843 ms, total 4161 ms
     "Hey whisper."
[takes] takes\take004.wav — "Whispers."
[rec] ● recording…
[ok] 1.5s audio → asr 2701 ms, total 3579 ms
     "Whispers."
[takes] takes\take005.wav — "So make me a shopping list."
[ok] 1.3s audio → asr 2765 ms, total 3319 ms
     "So make me a shopping list."
[rec] ● recording…
[takes] takes\take006.wav — "Hello, Rob"
[ok] 1.4s audio → asr 2386 ms, total 2695 ms
     "Hello, Rob"
[rec] ● recording…
[takes] takes\take007.wav — "Through whisper not even recognizing own name what to do"
[ok] 4.8s audio → asr 6534 ms, total 6780 ms
     "Through whisper not even recognizing own name what to do"
[rec] ● recording…
[takes] takes\take008.wav — "Bro, Whisper is not responding to me. It's not recognizing its own name. And before it was working right, but I feel like there's fault, no fix it."
[ok] 10.3s audio → asr 14621 ms, total 15068 ms
     "Bro, Whisper is not responding to me. It's not recognizing its own name. And before it was working right, but I feel like there's fault, no fix it."
[rec] ● recording…
[takes] takes\take009.wav — "Make me a shopping list of apple mango breads"
[ok] 3.8s audio → asr 2551 ms, total 2822 ms
     "Make me a shopping list of apple mango breads"
[rec] ● recording…
[takes] takes\take010.wav — "It's not responding to."
[ok] 1.8s audio → asr 1001 ms, total 1263 ms
     "It's not responding to."
[rec] ● recording…
[takes] takes\take011.wav — "Bro, whisper is not responding to me and it is making a lot of spelling mistakes. It's not able to recognize its own name."
[ok] 6.0s audio → asr 3056 ms, total 3309 ms
     "Bro, whisper is not responding to me and it is making a lot of spelling mistakes. It's not able to recognize its own name."
[rec] ● recording…
[takes] takes\take012.wav — "And also, when I gave it a list, it's not giving me any bullet points, it's repeating whatever I told. It's not rephrasing my statements, it's not making it into a proper sentence. Work on it."
[ok] 12.5s audio → asr 6812 ms, total 7076 ms
     "And also, when I gave it a list, it's not giving me any bullet points, it's repeating whatever I told. It's not rephrasing my statements, it's not making it into a proper sentence. Work on it."
